CRITICAL - 2022-12-07 13:34:51 --> Undefined variable $search
in APPPATH/Views/admin/client/listClients.php on line 6.
 1 APPPATH/Views/admin/client/listClients.php(6): CodeIgniter\Debug\Exceptions->errorHandler(2, 'Undefined variable $search', 'APPPATH/Views/admin/client/listClients.php', 6)
 2 SYSTEMPATH/View/View.php(213): include('APPPATH/Views/admin/client/listClients.php')
 3 SYSTEMPATH/View/View.php(216): CodeIgniter\View\View->CodeIgniter\View\{closure}()
 4 SYSTEMPATH/Common.php(1134): CodeIgniter\View\View->render('admin/client/listClients', [], true)
 5 APPPATH/Controllers/Admin/Client.php(16): view('admin/client/listClients', [...])
 6 SYSTEMPATH/CodeIgniter.php(927): App\Controllers\Admin\Client->listClients()
 7 SYSTEMPATH/CodeIgniter.php(482): CodeIgniter\CodeIgniter->runController(Object(App\Controllers\Admin\Client))
 8 SYSTEMPATH/CodeIgniter.php(351): CodeIgniter\CodeIgniter->handleRequest(null, Object(Config\Cache), false)
 9 FCPATH/index.php(67): CodeIgniter\CodeIgniter->run()
CRITICAL - 2022-12-07 13:50:23 --> Invalid file: client/listClients.php
in SYSTEMPATH/Exceptions/FrameworkException.php on line 33.
 1 SYSTEMPATH/View/View.php(201): CodeIgniter\Exceptions\FrameworkException::forInvalidFile('client/listClients.php')
 2 SYSTEMPATH/Common.php(1134): CodeIgniter\View\View->render('client/listClients', [], true)
 3 APPPATH/Controllers/Client.php(18): view('client/listClients', [...])
 4 SYSTEMPATH/CodeIgniter.php(927): App\Controllers\Client->listClients()
 5 SYSTEMPATH/CodeIgniter.php(482): CodeIgniter\CodeIgniter->runController(Object(App\Controllers\Client))
 6 SYSTEMPATH/CodeIgniter.php(351): CodeIgniter\CodeIgniter->handleRequest(null, Object(Config\Cache), false)
 7 FCPATH/index.php(67): CodeIgniter\CodeIgniter->run()
CRITICAL - 2022-12-07 13:50:38 --> Invalid file: client/listClients.php
in SYSTEMPATH/Exceptions/FrameworkException.php on line 33.
 1 SYSTEMPATH/View/View.php(201): CodeIgniter\Exceptions\FrameworkException::forInvalidFile('client/listClients.php')
 2 SYSTEMPATH/Common.php(1134): CodeIgniter\View\View->render('client/listClients', [], true)
 3 APPPATH/Controllers/Client.php(18): view('client/listClients', [...])
 4 SYSTEMPATH/CodeIgniter.php(927): App\Controllers\Client->listClients()
 5 SYSTEMPATH/CodeIgniter.php(482): CodeIgniter\CodeIgniter->runController(Object(App\Controllers\Client))
 6 SYSTEMPATH/CodeIgniter.php(351): CodeIgniter\CodeIgniter->handleRequest(null, Object(Config\Cache), false)
 7 FCPATH/index.php(67): CodeIgniter\CodeIgniter->run()
CRITICAL - 2022-12-07 13:52:53 --> Invalid file: client/listClients.php
in SYSTEMPATH/Exceptions/FrameworkException.php on line 33.
 1 SYSTEMPATH/View/View.php(201): CodeIgniter\Exceptions\FrameworkException::forInvalidFile('client/listClients.php')
 2 SYSTEMPATH/Common.php(1134): CodeIgniter\View\View->render('client/listClients', [], true)
 3 APPPATH/Controllers/Client.php(18): view('client/listClients', [...])
 4 SYSTEMPATH/CodeIgniter.php(927): App\Controllers\Client->listClients()
 5 SYSTEMPATH/CodeIgniter.php(482): CodeIgniter\CodeIgniter->runController(Object(App\Controllers\Client))
 6 SYSTEMPATH/CodeIgniter.php(351): CodeIgniter\CodeIgniter->handleRequest(null, Object(Config\Cache), false)
 7 FCPATH/index.php(67): CodeIgniter\CodeIgniter->run()
CRITICAL - 2022-12-07 13:53:03 --> Invalid file: client/listClients.php
in SYSTEMPATH/Exceptions/FrameworkException.php on line 33.
 1 SYSTEMPATH/View/View.php(201): CodeIgniter\Exceptions\FrameworkException::forInvalidFile('client/listClients.php')
 2 SYSTEMPATH/Common.php(1134): CodeIgniter\View\View->render('client/listClients', [], true)
 3 APPPATH/Controllers/Client.php(18): view('client/listClients', [...])
 4 SYSTEMPATH/CodeIgniter.php(927): App\Controllers\Client->listClients()
 5 SYSTEMPATH/CodeIgniter.php(482): CodeIgniter\CodeIgniter->runController(Object(App\Controllers\Client))
 6 SYSTEMPATH/CodeIgniter.php(351): CodeIgniter\CodeIgniter->handleRequest(null, Object(Config\Cache), false)
 7 FCPATH/index.php(67): CodeIgniter\CodeIgniter->run()
CRITICAL - 2022-12-07 13:53:14 --> Invalid file: client/listClients.php
in SYSTEMPATH/Exceptions/FrameworkException.php on line 33.
 1 SYSTEMPATH/View/View.php(201): CodeIgniter\Exceptions\FrameworkException::forInvalidFile('client/listClients.php')
 2 SYSTEMPATH/Common.php(1134): CodeIgniter\View\View->render('client/listClients', [], true)
 3 APPPATH/Controllers/Client.php(18): view('client/listClients', [...])
 4 SYSTEMPATH/CodeIgniter.php(927): App\Controllers\Client->listClients()
 5 SYSTEMPATH/CodeIgniter.php(482): CodeIgniter\CodeIgniter->runController(Object(App\Controllers\Client))
 6 SYSTEMPATH/CodeIgniter.php(351): CodeIgniter\CodeIgniter->handleRequest(null, Object(Config\Cache), false)
 7 FCPATH/index.php(67): CodeIgniter\CodeIgniter->run()
CRITICAL - 2022-12-07 14:39:34 --> Unclosed '{' on line 8
in APPPATH/Controllers/Admin/Client.php on line 74.
 1 SYSTEMPATH/Autoloader/Autoloader.php(259): CodeIgniter\Autoloader\Autoloader->includeFile('APPPATH/Controllers/Admin/Client.php')
 2 SYSTEMPATH/Autoloader/Autoloader.php(237): CodeIgniter\Autoloader\Autoloader->loadInNamespace('App\\Controllers\\Admin\\Client')
 3 [internal function]: CodeIgniter\Autoloader\Autoloader->loadClass('App\\Controllers\\Admin\\Client')
 4 SYSTEMPATH/CodeIgniter.php(877): class_exists('\\App\\Controllers\\Admin\\Client', true)
 5 SYSTEMPATH/CodeIgniter.php(469): CodeIgniter\CodeIgniter->startController()
 6 SYSTEMPATH/CodeIgniter.php(351): CodeIgniter\CodeIgniter->handleRequest(null, Object(Config\Cache), false)
 7 FCPATH/index.php(67): CodeIgniter\CodeIgniter->run()
CRITICAL - 2022-12-07 14:43:37 --> Invalid file: client/listClients.php
in SYSTEMPATH/Exceptions/FrameworkException.php on line 33.
 1 SYSTEMPATH/View/View.php(201): CodeIgniter\Exceptions\FrameworkException::forInvalidFile('client/listClients.php')
 2 SYSTEMPATH/Common.php(1134): CodeIgniter\View\View->render('client/listClients', [], true)
 3 APPPATH/Controllers/Client.php(18): view('client/listClients', [...])
 4 SYSTEMPATH/CodeIgniter.php(927): App\Controllers\Client->listClients()
 5 SYSTEMPATH/CodeIgniter.php(482): CodeIgniter\CodeIgniter->runController(Object(App\Controllers\Client))
 6 SYSTEMPATH/CodeIgniter.php(351): CodeIgniter\CodeIgniter->handleRequest(null, Object(Config\Cache), false)
 7 FCPATH/index.php(67): CodeIgniter\CodeIgniter->run()
CRITICAL - 2022-12-07 14:43:50 --> Invalid file: client/listClients.php
in SYSTEMPATH/Exceptions/FrameworkException.php on line 33.
 1 SYSTEMPATH/View/View.php(201): CodeIgniter\Exceptions\FrameworkException::forInvalidFile('client/listClients.php')
 2 SYSTEMPATH/Common.php(1134): CodeIgniter\View\View->render('client/listClients', [], true)
 3 APPPATH/Controllers/Client.php(18): view('client/listClients', [...])
 4 SYSTEMPATH/CodeIgniter.php(927): App\Controllers\Client->listClients()
 5 SYSTEMPATH/CodeIgniter.php(482): CodeIgniter\CodeIgniter->runController(Object(App\Controllers\Client))
 6 SYSTEMPATH/CodeIgniter.php(351): CodeIgniter\CodeIgniter->handleRequest(null, Object(Config\Cache), false)
 7 FCPATH/index.php(67): CodeIgniter\CodeIgniter->run()
CRITICAL - 2022-12-07 14:43:52 --> Invalid file: client/listClients.php
in SYSTEMPATH/Exceptions/FrameworkException.php on line 33.
 1 SYSTEMPATH/View/View.php(201): CodeIgniter\Exceptions\FrameworkException::forInvalidFile('client/listClients.php')
 2 SYSTEMPATH/Common.php(1134): CodeIgniter\View\View->render('client/listClients', [], true)
 3 APPPATH/Controllers/Client.php(18): view('client/listClients', [...])
 4 SYSTEMPATH/CodeIgniter.php(927): App\Controllers\Client->listClients()
 5 SYSTEMPATH/CodeIgniter.php(482): CodeIgniter\CodeIgniter->runController(Object(App\Controllers\Client))
 6 SYSTEMPATH/CodeIgniter.php(351): CodeIgniter\CodeIgniter->handleRequest(null, Object(Config\Cache), false)
 7 FCPATH/index.php(67): CodeIgniter\CodeIgniter->run()
CRITICAL - 2022-12-07 16:23:00 --> The namespace delimiter is a backslash (\), not a slash (/). Route handler: \App\Controllers\Api/Client::listClients
in SYSTEMPATH/Router/Router.php on line 466.
 1 SYSTEMPATH/Router/Router.php(466): CodeIgniter\Router\Exceptions\RouterException::forInvalidControllerName('\\App\\Controllers\\Api/Client::listClients')
 2 SYSTEMPATH/Router/Router.php(181): CodeIgniter\Router\Router->checkRoutes('api/clients/listClients')
 3 SYSTEMPATH/CodeIgniter.php(802): CodeIgniter\Router\Router->handle('api/clients/listClients')
 4 SYSTEMPATH/CodeIgniter.php(430): CodeIgniter\CodeIgniter->tryToRouteIt(Object(CodeIgniter\Router\RouteCollection))
 5 SYSTEMPATH/CodeIgniter.php(351): CodeIgniter\CodeIgniter->handleRequest(null, Object(Config\Cache), false)
 6 FCPATH/index.php(67): CodeIgniter\CodeIgniter->run()
